<?xml version="1.0" encoding="UTF-8"?>
<!-- Generated by org.testng.reporters.JUnitXMLReporter -->
<testsuite hostname="Admin-PC" ignored="0" name="Default test" tests="6" failures="0" timestamp="23 Aug 2019 15:28:04 GMT" time="104.248" errors="0">
  <testcase name="verify_addcart" time="0.087" classname="com.testproject.testsuit.TraningPageTest"/>
  <testcase name="verify_homepage" time="18.748" classname="com.testproject.testsuit.TraningPageTest"/>
  <testcase name="verify_ondemandtraning_menu" time="27.956" classname="com.testproject.testsuit.TraningPageTest"/>
  <testcase name="verify_traning_filter" time="34.345" classname="com.testproject.testsuit.TraningPageTest"/>
  <testcase name="f" time="0.0" classname="com.testproject.testsuit.HomePageTest"/>
  <testcase name="f" time="0.016" classname="com.testproject.testsuit.HomePageTest"/>
</testsuite> <!-- Default test -->
