<?xml version="1.0" encoding="UTF-8"?>
<testng-results skipped="0" failed="0" ignored="0" total="6" passed="6">
  <reporter-output>
  </reporter-output>
  <suite name="Default suite" duration-ms="104248" started-at="2019-08-23T15:26:19Z" finished-at="2019-08-23T15:28:04Z">
    <groups>
    </groups>
    <test name="Default test" duration-ms="104248" started-at="2019-08-23T15:26:19Z" finished-at="2019-08-23T15:28:04Z">
      <class name="com.testproject.testsuit.TraningPageTest">
        <test-method status="PASS" signature="beforeClass()[pri:0, instance:com.testproject.testsuit.TraningPageTest@adede5]" name="beforeClass" is-config="true" duration-ms="22983" started-at="2019-08-23T15:26:19Z" finished-at="2019-08-23T15:26:42Z">
          <reporter-output>
          </reporter-output>
        </test-method> <!-- beforeClass -->
        <test-method status="PASS" signature="verify_addcart()[pri:0, instance:com.testproject.testsuit.TraningPageTest@adede5]" name="verify_addcart" duration-ms="87" started-at="2019-08-23T15:26:42Z" finished-at="2019-08-23T15:26:42Z">
          <reporter-output>
          </reporter-output>
        </test-method> <!-- verify_addcart -->
        <test-method status="PASS" signature="verify_homepage()[pri:0, instance:com.testproject.testsuit.TraningPageTest@adede5]" name="verify_homepage" duration-ms="18748" started-at="2019-08-23T15:26:42Z" finished-at="2019-08-23T15:27:01Z">
          <reporter-output>
          </reporter-output>
        </test-method> <!-- verify_homepage -->
        <test-method status="PASS" signature="verify_ondemandtraning_menu()[pri:0, instance:com.testproject.testsuit.TraningPageTest@adede5]" name="verify_ondemandtraning_menu" duration-ms="27956" started-at="2019-08-23T15:27:01Z" finished-at="2019-08-23T15:27:29Z">
          <reporter-output>
          </reporter-output>
        </test-method> <!-- verify_ondemandtraning_menu -->
        <test-method status="PASS" signature="verify_traning_filter()[pri:0, instance:com.testproject.testsuit.TraningPageTest@adede5]" name="verify_traning_filter" duration-ms="34345" started-at="2019-08-23T15:27:29Z" finished-at="2019-08-23T15:28:03Z">
          <reporter-output>
          </reporter-output>
        </test-method> <!-- verify_traning_filter -->
        <test-method status="PASS" signature="afterClass()[pri:0, instance:com.testproject.testsuit.TraningPageTest@adede5]" name="afterClass" is-config="true" duration-ms="0" started-at="2019-08-23T15:28:03Z" finished-at="2019-08-23T15:28:03Z">
          <reporter-output>
          </reporter-output>
        </test-method> <!-- afterClass -->
      </class> <!-- com.testproject.testsuit.TraningPageTest -->
      <class name="com.testproject.testsuit.HomePageTest">
        <test-method status="PASS" signature="beforeTest()[pri:0, instance:com.testproject.testsuit.HomePageTest@49fd9b]" name="beforeTest" is-config="true" duration-ms="16" started-at="2019-08-23T15:26:19Z" finished-at="2019-08-23T15:26:19Z">
          <reporter-output>
          </reporter-output>
        </test-method> <!-- beforeTest -->
        <test-method status="PASS" signature="f(java.lang.Integer, java.lang.String)[pri:0, instance:com.testproject.testsuit.HomePageTest@49fd9b]" name="f" duration-ms="16" started-at="2019-08-23T15:28:04Z" data-provider="dp" finished-at="2019-08-23T15:28:04Z">
          <params>
            <param index="0">
              <value>
                <![CDATA[2]]>
              </value>
            </param>
            <param index="1">
              <value>
                <![CDATA[b]]>
              </value>
            </param>
          </params>
          <reporter-output>
          </reporter-output>
        </test-method> <!-- f -->
        <test-method status="PASS" signature="f(java.lang.Integer, java.lang.String)[pri:0, instance:com.testproject.testsuit.HomePageTest@49fd9b]" name="f" duration-ms="0" started-at="2019-08-23T15:28:04Z" data-provider="dp" finished-at="2019-08-23T15:28:04Z">
          <params>
            <param index="0">
              <value>
                <![CDATA[1]]>
              </value>
            </param>
            <param index="1">
              <value>
                <![CDATA[a]]>
              </value>
            </param>
          </params>
          <reporter-output>
          </reporter-output>
        </test-method> <!-- f -->
        <test-method status="PASS" signature="afterTest()[pri:0, instance:com.testproject.testsuit.HomePageTest@49fd9b]" name="afterTest" is-config="true" duration-ms="0" started-at="2019-08-23T15:28:04Z" finished-at="2019-08-23T15:28:04Z">
          <reporter-output>
          </reporter-output>
        </test-method> <!-- afterTest -->
      </class> <!-- com.testproject.testsuit.HomePageTest -->
    </test> <!-- Default test -->
  </suite> <!-- Default suite -->
</testng-results>
